#
# There is insufficient memory for the Java Runtime Environment to continue.
# Native memory allocation (mmap) failed to map 266338304 bytes for Failed to commit area from 0x0000000702000000 to 0x0000000711e00000 of length 266338304.
# Possible reasons:
#   The system is out of physical RAM or swap space
#   The process is running with CompressedOops enabled, and the Java Heap may be blocking the growth of the native heap
# Possible solutions:
#   Reduce memory load on the system
#   Increase physical memory or swap space
#   Check if swap backing store is full
#   Decrease Java heap size (-Xmx/-Xms)
#   Decrease number of Java threads
#   Decrease Java thread stack sizes (-Xss)
#   Set larger code cache with -XX:ReservedCodeCacheSize=
# This output file may be truncated or incomplete.
#
#  Out of Memory Error (src/hotspot/os/windows/os_windows.cpp:3627), pid=40464, tid=37464
#
# JRE version:  (11.0.15) (build )
# Java VM: OpenJDK 64-Bit Server VM (11.0.15+0-b2043.56-9505619, mixed mode, sharing, tiered, compressed oops, g1 gc, windows-amd64)
# No core dump will be written. Minidumps are not enabled by default on client versions of Windows
#

---------------  S U M M A R Y ------------

Command Line: 

Host: Intel(R) Core(TM) i7-9750H CPU @ 2.60GHz, 12 cores, 15G,  Windows 11 , 64 bit Build 22621 (10.0.22621.3672)
Time: Mon Jul 15 01:15:09 2024 Malay Peninsula Standard Time elapsed time: 0.017037 seconds (0d 0h 0m 0s)

---------------  T H R E A D  ---------------

Current thread (0x000001b571537000):  JavaThread "Unknown thread" [_thread_in_vm, id=37464, stack(0x0000009744900000,0x0000009744a00000)]

Stack: [0x0000009744900000,0x0000009744a00000]
Native frames: (J=compiled Java code, j=interpreted, Vv=VM code, C=native code)
V  [jvm.dll+0x64135a]
V  [jvm.dll+0x7d39f9]
V  [jvm.dll+0x7d51b9]
V  [jvm.dll+0x7d58a3]
V  [jvm.dll+0x2691c5]
V  [jvm.dll+0x63e4e9]
V  [jvm.dll+0x632985]
V  [jvm.dll+0x3231ac]
V  [jvm.dll+0x323032]
V  [jvm.dll+0x327c06]
V  [jvm.dll+0x36ffa2]
V  [jvm.dll+0x36fa01]
V  [jvm.dll+0x2fea28]
V  [jvm.dll+0x2ffb25]
V  [jvm.dll+0x7accd7]
V  [jvm.dll+0x7ae49f]
V  [jvm.dll+0x37d299]
V  [jvm.dll+0x78ef9f]
V  [jvm.dll+0x3ec847]
V  [jvm.dll+0x3eed31]
C  [jli.dll+0x52cb]
C  [ucrtbase.dll+0x29333]
C  [KERNEL32.DLL+0x1257d]
C  [ntdll.dll+0x5af28]


---------------  P R O C E S S  ---------------

Threads class SMR info:
_java_thread_list=0x000001b56f246da0, length=0, elements={
}

Java Threads: ( => current thread )

Other Threads:
  0x000001b571550800 GCTaskThread "GC Thread#0" [stack: 0x0000009744a00000,0x0000009744b00000] [id=30608]
  0x000001b5715b0000 ConcurrentGCThread "G1 Main Marker" [stack: 0x0000009744b00000,0x0000009744c00000] [id=32876]
  0x000001b5715b3000 ConcurrentGCThread "G1 Conc#0" [stack: 0x0000009744c00000,0x0000009744d00000] [id=40544]

[error occurred during error reporting (printing all threads), id 0xc0000005, EXCEPTION_ACCESS_VIOLATION (0xc0000005) at pc=0x00007ffbf709f3e7]

VM state:not at safepoint (not fully initialized)

VM Mutex/Monitor currently owned by a thread:  ([mutex/lock_event])
[0x000001b5715335c0] Heap_lock - owner thread: 0x000001b571537000

Heap address: 0x0000000702000000, size: 4064 MB, Compressed Oops mode: Non-zero based: 0x0000000702000000
Narrow klass base: 0x0000000000000000, Narrow klass shift: 0

GC Heap History (0 events):
No events

Deoptimization events (0 events):
No events

Classes redefined (0 events):
No events

Internal exceptions (0 events):
No events

Events (1 events):
Event: 0.010 Loaded shared library C:\Program Files\Android\Android Studio\jbr\bin\zip.dll


Dynamic libraries:
0x00007ff7ea7f0000 - 0x00007ff7ea7fa000 	C:\Program Files\Android\Android Studio\jbr\bin\java.EXE
0x00007ffcf1610000 - 0x00007ffcf1827000 	C:\WINDOWS\SYSTEM32\ntdll.dll
0x00007ffcf0070000 - 0x00007ffcf0134000 	C:\WINDOWS\System32\KERNEL32.DLL
0x00007ffceee50000 - 0x00007ffcef1fd000 	C:\WINDOWS\System32\KERNELBASE.dll
0x00007ffceea40000 - 0x00007ffceeb51000 	C:\WINDOWS\System32\ucrtbase.dll
0x00007ffccc0a0000 - 0x00007ffccc0bb000 	C:\Program Files\Android\Android Studio\jbr\bin\VCRUNTIME140.dll
0x00007ffcd7780000 - 0x00007ffcd7797000 	C:\Program Files\Android\Android Studio\jbr\bin\jli.dll
0x00007ffcefd10000 - 0x00007ffcefebe000 	C:\WINDOWS\System32\USER32.dll
0x00007ffcd7ca0000 - 0x00007ffcd7f33000 	C:\WINDOWS\WinSxS\amd64_microsoft.windows.common-controls_6595b64144ccf1df_6.0.22621.3672_none_2713b9d173822955\COMCTL32.dll
0x00007ffceebe0000 - 0x00007ffceec06000 	C:\WINDOWS\System32\win32u.dll
0x00007ffcef320000 - 0x00007ffcef3c7000 	C:\WINDOWS\System32\msvcrt.dll
0x00007ffcf0330000 - 0x00007ffcf0359000 	C:\WINDOWS\System32\GDI32.dll
0x00007ffcef200000 - 0x00007ffcef319000 	C:\WINDOWS\System32\gdi32full.dll
0x00007ffceed80000 - 0x00007ffceee1a000 	C:\WINDOWS\System32\msvcp_win.dll
0x00007ffcf0360000 - 0x00007ffcf0391000 	C:\WINDOWS\System32\IMM32.DLL
0x00007ffceb580000 - 0x00007ffceb58c000 	C:\Program Files\Android\Android Studio\jbr\bin\vcruntime140_1.dll
0x00007ffcc2910000 - 0x00007ffcc299d000 	C:\Program Files\Android\Android Studio\jbr\bin\msvcp140.dll
0x00007ffbf6d90000 - 0x00007ffbf794c000 	C:\Program Files\Android\Android Studio\jbr\bin\server\jvm.dll
0x00007ffcf03a0000 - 0x00007ffcf0452000 	C:\WINDOWS\System32\ADVAPI32.dll
0x00007ffcf1490000 - 0x00007ffcf1539000 	C:\WINDOWS\System32\sechost.dll
0x00007ffceee20000 - 0x00007ffceee48000 	C:\WINDOWS\System32\bcrypt.dll
0x00007ffcf12f0000 - 0x00007ffcf1404000 	C:\WINDOWS\System32\RPCRT4.dll
0x00007ffcefd00000 - 0x00007ffcefd08000 	C:\WINDOWS\System32\PSAPI.DLL
0x00007ffcc27c0000 - 0x00007ffcc27c9000 	C:\WINDOWS\SYSTEM32\WSOCK32.dll
0x00007ffce79d0000 - 0x00007ffce79da000 	C:\WINDOWS\SYSTEM32\VERSION.dll
0x00007ffcf1410000 - 0x00007ffcf1481000 	C:\WINDOWS\System32\WS2_32.dll
0x00007ffce6a80000 - 0x00007ffce6ab4000 	C:\WINDOWS\SYSTEM32\WINMM.dll
0x00007ffceda30000 - 0x00007ffceda48000 	C:\WINDOWS\SYSTEM32\kernel.appcore.dll
0x00007ffce96d0000 - 0x00007ffce96e0000 	C:\Program Files\Android\Android Studio\jbr\bin\verify.dll
0x00007ffcec1a0000 - 0x00007ffcec3d2000 	C:\WINDOWS\SYSTEM32\DBGHELP.DLL
0x00007ffcf0a80000 - 0x00007ffcf0e08000 	C:\WINDOWS\System32\combase.dll
0x00007ffcf0240000 - 0x00007ffcf0317000 	C:\WINDOWS\System32\OLEAUT32.dll
0x00007ffcaa470000 - 0x00007ffcaa4a2000 	C:\WINDOWS\SYSTEM32\dbgcore.DLL
0x00007ffceeb60000 - 0x00007ffceebdb000 	C:\WINDOWS\System32\bcryptPrimitives.dll
0x00007ffcd79a0000 - 0x00007ffcd79c8000 	C:\Program Files\Android\Android Studio\jbr\bin\java.dll
0x00007ffce7f00000 - 0x00007ffce7f0a000 	C:\Program Files\Android\Android Studio\jbr\bin\jimage.dll
0x00007ffcd7980000 - 0x00007ffcd7998000 	C:\Program Files\Android\Android Studio\jbr\bin\zip.dll

dbghelp: loaded successfully - version: 4.0.5 - missing functions: none
symbol engine: initialized successfully - sym options: 0x614 - pdb path: .;C:\Program Files\Android\Android Studio\jbr\bin;C:\WINDOWS\SYSTEM32;C:\WINDOWS\WinSxS\amd64_microsoft.windows.common-controls_6595b64144ccf1df_6.0.22621.3672_none_2713b9d173822955;C:\Program Files\Android\Android Studio\jbr\bin\server

VM Arguments:
java_command: <unknown>
java_class_path (initial): <not set>
Launcher Type: SUN_STANDARD

[Global flags]
     intx CICompilerCount                          = 4                                         {product} {ergonomic}
     uint ConcGCThreads                            = 3                                         {product} {ergonomic}
     uint G1ConcRefinementThreads                  = 10                                        {product} {ergonomic}
   size_t G1HeapRegionSize                         = 1048576                                   {product} {ergonomic}
    uintx GCDrainStackTargetSize                   = 64                                        {product} {ergonomic}
   size_t InitialHeapSize                          = 266338304                                 {product} {ergonomic}
   size_t MarkStackSize                            = 4194304                                   {product} {ergonomic}
   size_t MaxHeapSize                              = 4261412864                                {product} {ergonomic}
   size_t MinHeapDeltaBytes                        = 1048576                                   {product} {ergonomic}
    uintx NonNMethodCodeHeapSize                   = 5836300                                {pd product} {ergonomic}
    uintx NonProfiledCodeHeapSize                  = 122910970                              {pd product} {ergonomic}
    uintx ProfiledCodeHeapSize                     = 122910970                              {pd product} {ergonomic}
    uintx ReservedCodeCacheSize                    = 251658240                              {pd product} {ergonomic}
     bool SegmentedCodeCache                       = true                                      {product} {ergonomic}
     bool UseCompressedClassPointers               = true                                 {lp64_product} {ergonomic}
     bool UseCompressedOops                        = true                                 {lp64_product} {ergonomic}
     bool UseG1GC                                  = true                                      {product} {ergonomic}
     bool UseLargePagesIndividualAllocation        = false                                  {pd product} {ergonomic}

Logging:
Log output configuration:
 #0: stdout all=warning uptime,level,tags
 #1: stderr all=off uptime,level,tags

Environment Variables:
PATH=C:\flutter\bin\;C:\Python312\Scripts\;C:\Python312\;C:\Program Files (x86)\Razer Chroma SDK\bin;C:\Program Files\Razer Chroma SDK\bin;C:\Program Files (x86)\Razer\ChromaBroadcast\bin;C:\Program Files\Razer\ChromaBroadcast\bin;C:\Program Files\Common Files\Oracle\Java\javapath;C:\Program Files (x86)\Common Files\Oracle\Java\java8path;C:\Program Files (x86)\Common Files\Oracle\Java\javapath;C:\WINDOWS\system32;C:\WINDOWS;C:\WINDOWS\System32\Wbem;C:\WINDOWS\System32\WindowsPowerShell\v1.0\;C:\WINDOWS\System32\OpenSSH\;C:\Program Files\Microsoft SQL Server\150\Tools\Binn\;C:\Program Files\Microsoft SQL Server\Client SDK\ODBC\170\Tools\Binn\;C:\Program Files (x86)\Microsoft SQL Server\150\Tools\Binn\;C:\Program Files\Microsoft SQL Server\150\DTS\Binn\;C:\Program Files (x86)\Microsoft SQL Server\150\DTS\Binn\;C:\Program Files\Azure Data Studio\bin;C:\Users\mklas\AppData\Local\Programs\Python\Python310;C:\Users\mklas\AppData\Local\Programs\Python\Python310\Scripts;C:\Program Files\dotnet\;C:\Program Files\NVIDIA Corporation\NVIDIA NvDLISR;C:\Program Files (x86)\NVIDIA Corporation\PhysX\Common;C:\Program Files (x86)\IVI Foundation\VISA\WinNT\Bin\;C:\Program Files\IVI Foundation\VISA\Win64\Bin\;C:\Program Files (x86)\National Instruments\Shared\LabVIEW CLI;C:\Program Files (x86)\IVI Foundation\VISA\WinNT\Bin;C:\WINDOWS\system32;C:\WINDOWS;C:\WINDOWS\System32\Wbem;C:\WINDOWS\System32\WindowsPowerShell\v1.0\;C:\WINDOWS\System32\OpenSSH\;C:\Program Files\Git\cmd;C:\WINDOWS\system32\config\systemprofile\AppData\Local\Microsoft\WindowsApps;C:\Program Files\MATLAB\R2023b\bin;C:\Program Files\nodejs\;C:\ProgramData\chocolatey\bin;C:\Users\mklas\AppData\Local\Microsoft\WindowsApps;C:\Users\mklas\AppData\Local\Programs\Microsoft VS Code\bin;C:\Program Files\Azure Data Studio\bin;C:\Users\mklas\AppData\Local\Programs\Python\Python310;C:\Users\mklas\AppData\Local\Programs\Python\Python310\Scripts;C:\Users\mklas\.dotnet\tools;C:\Users\mklas\AppData\Local\spicetify;C:\Users\mklas\AppDa
USERNAME=Lashvin
LANG=en_US.UTF-8
OS=Windows_NT
PROCESSOR_IDENTIFIER=Intel64 Family 6 Model 158 Stepping 10, GenuineIntel



---------------  S Y S T E M  ---------------

OS: Windows 11 , 64 bit Build 22621 (10.0.22621.3672)
OS uptime: 0 days 11:53 hours

CPU:total 12 (initial active 12) (6 cores per cpu, 2 threads per core) family 6 model 158 stepping 10 microcode 0xec, cmov, cx8, fxsr, mmx, sse, sse2, sse3, ssse3, sse4.1, sse4.2, popcnt, avx, avx2, aes, clmul, erms, 3dnowpref, lzcnt, ht, tsc, tscinvbit, bmi1, bmi2, adx, fma

Memory: 4k page, system-wide physical 16254M (272M free)
TotalPageFile size 46766M (AvailPageFile size 178M)
current process WorkingSet (physical memory assigned to process): 11M, peak: 11M
current process commit charge ("private bytes"): 64M, peak: 318M

vm_info: OpenJDK 64-Bit Server VM (11.0.15+0-b2043.56-9505619) for windows-amd64 JRE (11.0.15+0-b2043.56-9505619), built on Jan 19 2023 02:48:00 by "builduser" with unknown MS VC++:1929

END.
